-------------------------------------------------------------------------------
Test set: com.presinal.appsec.role.service.RoleServiceTest
-------------------------------------------------------------------------------
Tests run: 10, Failures: 0, Errors: 10, Skipped: 0, Time elapsed: 18.314 s <<< FAILURE! - in com.presinal.appsec.role.service.RoleServiceTest
testUpdate_requiredFieldCreatedByFlow  Time elapsed: 0.293 s  <<< ERROR!
org.springframework.jdbc.datasource.init.ScriptStatementFailedException: 
Failed to execute SQL script statement #1 of class path resource [data/Role/Role-insert_data.sql]: INSERT INTO role(role_ID, NAME, CREATED_BY, CREATION_DATE, LAST_UPDATE, UPDATED_BY, STATUS, DELETED) VALUES(1, 'PROD-1', 2, CURRENT_TIMESTAMP, CURRENT_TIMESTAMP, 2, 'AC', 0); nested exception is org.h2.jdbc.JdbcSQLIntegrityConstraintViolationException: NULL not allowed for column "DESCRIPTION"; SQL statement:
INSERT INTO role(role_ID, NAME, CREATED_BY, CREATION_DATE, LAST_UPDATE, UPDATED_BY, STATUS, DELETED) VALUES(1, 'PROD-1', 2, CURRENT_TIMESTAMP, CURRENT_TIMESTAMP, 2, 'AC', 0) [23502-200]
	at com.presinal.appsec.role.service.RoleServiceTest.lambda$setUp$0(RoleServiceTest.java:114)
	at com.presinal.appsec.role.service.RoleServiceTest.setUp(RoleServiceTest.java:107)
Caused by: org.h2.jdbc.JdbcSQLIntegrityConstraintViolationException: 
NULL not allowed for column "DESCRIPTION"; SQL statement:
INSERT INTO role(role_ID, NAME, CREATED_BY, CREATION_DATE, LAST_UPDATE, UPDATED_BY, STATUS, DELETED) VALUES(1, 'PROD-1', 2, CURRENT_TIMESTAMP, CURRENT_TIMESTAMP, 2, 'AC', 0) [23502-200]
	at com.presinal.appsec.role.service.RoleServiceTest.lambda$setUp$0(RoleServiceTest.java:114)
	at com.presinal.appsec.role.service.RoleServiceTest.setUp(RoleServiceTest.java:107)

testCreate_existingDataFlow  Time elapsed: 0.108 s  <<< ERROR!
org.springframework.jdbc.datasource.init.ScriptStatementFailedException: 
Failed to execute SQL script statement #1 of class path resource [data/Role/Role-insert_data.sql]: INSERT INTO role(role_ID, NAME, CREATED_BY, CREATION_DATE, LAST_UPDATE, UPDATED_BY, STATUS, DELETED) VALUES(1, 'PROD-1', 2, CURRENT_TIMESTAMP, CURRENT_TIMESTAMP, 2, 'AC', 0); nested exception is org.h2.jdbc.JdbcSQLIntegrityConstraintViolationException: NULL not allowed for column "DESCRIPTION"; SQL statement:
INSERT INTO role(role_ID, NAME, CREATED_BY, CREATION_DATE, LAST_UPDATE, UPDATED_BY, STATUS, DELETED) VALUES(1, 'PROD-1', 2, CURRENT_TIMESTAMP, CURRENT_TIMESTAMP, 2, 'AC', 0) [23502-200]
	at com.presinal.appsec.role.service.RoleServiceTest.lambda$setUp$0(RoleServiceTest.java:114)
	at com.presinal.appsec.role.service.RoleServiceTest.setUp(RoleServiceTest.java:107)
Caused by: org.h2.jdbc.JdbcSQLIntegrityConstraintViolationException: 
NULL not allowed for column "DESCRIPTION"; SQL statement:
INSERT INTO role(role_ID, NAME, CREATED_BY, CREATION_DATE, LAST_UPDATE, UPDATED_BY, STATUS, DELETED) VALUES(1, 'PROD-1', 2, CURRENT_TIMESTAMP, CURRENT_TIMESTAMP, 2, 'AC', 0) [23502-200]
	at com.presinal.appsec.role.service.RoleServiceTest.lambda$setUp$0(RoleServiceTest.java:114)
	at com.presinal.appsec.role.service.RoleServiceTest.setUp(RoleServiceTest.java:107)

testUpdate_existingDataFlow  Time elapsed: 0.052 s  <<< ERROR!
org.springframework.jdbc.datasource.init.ScriptStatementFailedException: 
Failed to execute SQL script statement #1 of class path resource [data/Role/Role-insert_data.sql]: INSERT INTO role(role_ID, NAME, CREATED_BY, CREATION_DATE, LAST_UPDATE, UPDATED_BY, STATUS, DELETED) VALUES(1, 'PROD-1', 2, CURRENT_TIMESTAMP, CURRENT_TIMESTAMP, 2, 'AC', 0); nested exception is org.h2.jdbc.JdbcSQLIntegrityConstraintViolationException: NULL not allowed for column "DESCRIPTION"; SQL statement:
INSERT INTO role(role_ID, NAME, CREATED_BY, CREATION_DATE, LAST_UPDATE, UPDATED_BY, STATUS, DELETED) VALUES(1, 'PROD-1', 2, CURRENT_TIMESTAMP, CURRENT_TIMESTAMP, 2, 'AC', 0) [23502-200]
	at com.presinal.appsec.role.service.RoleServiceTest.lambda$setUp$0(RoleServiceTest.java:114)
	at com.presinal.appsec.role.service.RoleServiceTest.setUp(RoleServiceTest.java:107)
Caused by: org.h2.jdbc.JdbcSQLIntegrityConstraintViolationException: 
NULL not allowed for column "DESCRIPTION"; SQL statement:
INSERT INTO role(role_ID, NAME, CREATED_BY, CREATION_DATE, LAST_UPDATE, UPDATED_BY, STATUS, DELETED) VALUES(1, 'PROD-1', 2, CURRENT_TIMESTAMP, CURRENT_TIMESTAMP, 2, 'AC', 0) [23502-200]
	at com.presinal.appsec.role.service.RoleServiceTest.lambda$setUp$0(RoleServiceTest.java:114)
	at com.presinal.appsec.role.service.RoleServiceTest.setUp(RoleServiceTest.java:107)

testUpdate_integrityViolationFlow  Time elapsed: 0.261 s  <<< ERROR!
org.springframework.jdbc.datasource.init.ScriptStatementFailedException: 
Failed to execute SQL script statement #1 of class path resource [data/Role/Role-insert_data.sql]: INSERT INTO role(role_ID, NAME, CREATED_BY, CREATION_DATE, LAST_UPDATE, UPDATED_BY, STATUS, DELETED) VALUES(1, 'PROD-1', 2, CURRENT_TIMESTAMP, CURRENT_TIMESTAMP, 2, 'AC', 0); nested exception is org.h2.jdbc.JdbcSQLIntegrityConstraintViolationException: NULL not allowed for column "DESCRIPTION"; SQL statement:
INSERT INTO role(role_ID, NAME, CREATED_BY, CREATION_DATE, LAST_UPDATE, UPDATED_BY, STATUS, DELETED) VALUES(1, 'PROD-1', 2, CURRENT_TIMESTAMP, CURRENT_TIMESTAMP, 2, 'AC', 0) [23502-200]
	at com.presinal.appsec.role.service.RoleServiceTest.lambda$setUp$0(RoleServiceTest.java:114)
	at com.presinal.appsec.role.service.RoleServiceTest.setUp(RoleServiceTest.java:107)
Caused by: org.h2.jdbc.JdbcSQLIntegrityConstraintViolationException: 
NULL not allowed for column "DESCRIPTION"; SQL statement:
INSERT INTO role(role_ID, NAME, CREATED_BY, CREATION_DATE, LAST_UPDATE, UPDATED_BY, STATUS, DELETED) VALUES(1, 'PROD-1', 2, CURRENT_TIMESTAMP, CURRENT_TIMESTAMP, 2, 'AC', 0) [23502-200]
	at com.presinal.appsec.role.service.RoleServiceTest.lambda$setUp$0(RoleServiceTest.java:114)
	at com.presinal.appsec.role.service.RoleServiceTest.setUp(RoleServiceTest.java:107)

testUpdate_normalFlow  Time elapsed: 0.085 s  <<< ERROR!
org.springframework.jdbc.datasource.init.ScriptStatementFailedException: 
Failed to execute SQL script statement #1 of class path resource [data/Role/Role-insert_data.sql]: INSERT INTO role(role_ID, NAME, CREATED_BY, CREATION_DATE, LAST_UPDATE, UPDATED_BY, STATUS, DELETED) VALUES(1, 'PROD-1', 2, CURRENT_TIMESTAMP, CURRENT_TIMESTAMP, 2, 'AC', 0); nested exception is org.h2.jdbc.JdbcSQLIntegrityConstraintViolationException: NULL not allowed for column "DESCRIPTION"; SQL statement:
INSERT INTO role(role_ID, NAME, CREATED_BY, CREATION_DATE, LAST_UPDATE, UPDATED_BY, STATUS, DELETED) VALUES(1, 'PROD-1', 2, CURRENT_TIMESTAMP, CURRENT_TIMESTAMP, 2, 'AC', 0) [23502-200]
	at com.presinal.appsec.role.service.RoleServiceTest.lambda$setUp$0(RoleServiceTest.java:114)
	at com.presinal.appsec.role.service.RoleServiceTest.setUp(RoleServiceTest.java:107)
Caused by: org.h2.jdbc.JdbcSQLIntegrityConstraintViolationException: 
NULL not allowed for column "DESCRIPTION"; SQL statement:
INSERT INTO role(role_ID, NAME, CREATED_BY, CREATION_DATE, LAST_UPDATE, UPDATED_BY, STATUS, DELETED) VALUES(1, 'PROD-1', 2, CURRENT_TIMESTAMP, CURRENT_TIMESTAMP, 2, 'AC', 0) [23502-200]
	at com.presinal.appsec.role.service.RoleServiceTest.lambda$setUp$0(RoleServiceTest.java:114)
	at com.presinal.appsec.role.service.RoleServiceTest.setUp(RoleServiceTest.java:107)

testCreate_requiredFieldCreatedByFlow  Time elapsed: 0.047 s  <<< ERROR!
org.springframework.jdbc.datasource.init.ScriptStatementFailedException: 
Failed to execute SQL script statement #1 of class path resource [data/Role/Role-insert_data.sql]: INSERT INTO role(role_ID, NAME, CREATED_BY, CREATION_DATE, LAST_UPDATE, UPDATED_BY, STATUS, DELETED) VALUES(1, 'PROD-1', 2, CURRENT_TIMESTAMP, CURRENT_TIMESTAMP, 2, 'AC', 0); nested exception is org.h2.jdbc.JdbcSQLIntegrityConstraintViolationException: NULL not allowed for column "DESCRIPTION"; SQL statement:
INSERT INTO role(role_ID, NAME, CREATED_BY, CREATION_DATE, LAST_UPDATE, UPDATED_BY, STATUS, DELETED) VALUES(1, 'PROD-1', 2, CURRENT_TIMESTAMP, CURRENT_TIMESTAMP, 2, 'AC', 0) [23502-200]
	at com.presinal.appsec.role.service.RoleServiceTest.lambda$setUp$0(RoleServiceTest.java:114)
	at com.presinal.appsec.role.service.RoleServiceTest.setUp(RoleServiceTest.java:107)
Caused by: org.h2.jdbc.JdbcSQLIntegrityConstraintViolationException: 
NULL not allowed for column "DESCRIPTION"; SQL statement:
INSERT INTO role(role_ID, NAME, CREATED_BY, CREATION_DATE, LAST_UPDATE, UPDATED_BY, STATUS, DELETED) VALUES(1, 'PROD-1', 2, CURRENT_TIMESTAMP, CURRENT_TIMESTAMP, 2, 'AC', 0) [23502-200]
	at com.presinal.appsec.role.service.RoleServiceTest.lambda$setUp$0(RoleServiceTest.java:114)
	at com.presinal.appsec.role.service.RoleServiceTest.setUp(RoleServiceTest.java:107)

testCreate_integrityViolationFlow  Time elapsed: 0.064 s  <<< ERROR!
org.springframework.jdbc.datasource.init.ScriptStatementFailedException: 
Failed to execute SQL script statement #1 of class path resource [data/Role/Role-insert_data.sql]: INSERT INTO role(role_ID, NAME, CREATED_BY, CREATION_DATE, LAST_UPDATE, UPDATED_BY, STATUS, DELETED) VALUES(1, 'PROD-1', 2, CURRENT_TIMESTAMP, CURRENT_TIMESTAMP, 2, 'AC', 0); nested exception is org.h2.jdbc.JdbcSQLIntegrityConstraintViolationException: NULL not allowed for column "DESCRIPTION"; SQL statement:
INSERT INTO role(role_ID, NAME, CREATED_BY, CREATION_DATE, LAST_UPDATE, UPDATED_BY, STATUS, DELETED) VALUES(1, 'PROD-1', 2, CURRENT_TIMESTAMP, CURRENT_TIMESTAMP, 2, 'AC', 0) [23502-200]
	at com.presinal.appsec.role.service.RoleServiceTest.lambda$setUp$0(RoleServiceTest.java:114)
	at com.presinal.appsec.role.service.RoleServiceTest.setUp(RoleServiceTest.java:107)
Caused by: org.h2.jdbc.JdbcSQLIntegrityConstraintViolationException: 
NULL not allowed for column "DESCRIPTION"; SQL statement:
INSERT INTO role(role_ID, NAME, CREATED_BY, CREATION_DATE, LAST_UPDATE, UPDATED_BY, STATUS, DELETED) VALUES(1, 'PROD-1', 2, CURRENT_TIMESTAMP, CURRENT_TIMESTAMP, 2, 'AC', 0) [23502-200]
	at com.presinal.appsec.role.service.RoleServiceTest.lambda$setUp$0(RoleServiceTest.java:114)
	at com.presinal.appsec.role.service.RoleServiceTest.setUp(RoleServiceTest.java:107)

testFindAll_searchCriterriaStateINFlow  Time elapsed: 0.074 s  <<< ERROR!
org.springframework.jdbc.datasource.init.ScriptStatementFailedException: 
Failed to execute SQL script statement #1 of class path resource [data/Role/Role-insert_data.sql]: INSERT INTO role(role_ID, NAME, CREATED_BY, CREATION_DATE, LAST_UPDATE, UPDATED_BY, STATUS, DELETED) VALUES(1, 'PROD-1', 2, CURRENT_TIMESTAMP, CURRENT_TIMESTAMP, 2, 'AC', 0); nested exception is org.h2.jdbc.JdbcSQLIntegrityConstraintViolationException: NULL not allowed for column "DESCRIPTION"; SQL statement:
INSERT INTO role(role_ID, NAME, CREATED_BY, CREATION_DATE, LAST_UPDATE, UPDATED_BY, STATUS, DELETED) VALUES(1, 'PROD-1', 2, CURRENT_TIMESTAMP, CURRENT_TIMESTAMP, 2, 'AC', 0) [23502-200]
	at com.presinal.appsec.role.service.RoleServiceTest.lambda$setUp$0(RoleServiceTest.java:114)
	at com.presinal.appsec.role.service.RoleServiceTest.setUp(RoleServiceTest.java:107)
Caused by: org.h2.jdbc.JdbcSQLIntegrityConstraintViolationException: 
NULL not allowed for column "DESCRIPTION"; SQL statement:
INSERT INTO role(role_ID, NAME, CREATED_BY, CREATION_DATE, LAST_UPDATE, UPDATED_BY, STATUS, DELETED) VALUES(1, 'PROD-1', 2, CURRENT_TIMESTAMP, CURRENT_TIMESTAMP, 2, 'AC', 0) [23502-200]
	at com.presinal.appsec.role.service.RoleServiceTest.lambda$setUp$0(RoleServiceTest.java:114)
	at com.presinal.appsec.role.service.RoleServiceTest.setUp(RoleServiceTest.java:107)

testFindAll_normalFlow  Time elapsed: 0.093 s  <<< ERROR!
org.springframework.jdbc.datasource.init.ScriptStatementFailedException: 
Failed to execute SQL script statement #1 of class path resource [data/Role/Role-insert_data.sql]: INSERT INTO role(role_ID, NAME, CREATED_BY, CREATION_DATE, LAST_UPDATE, UPDATED_BY, STATUS, DELETED) VALUES(1, 'PROD-1', 2, CURRENT_TIMESTAMP, CURRENT_TIMESTAMP, 2, 'AC', 0); nested exception is org.h2.jdbc.JdbcSQLIntegrityConstraintViolationException: NULL not allowed for column "DESCRIPTION"; SQL statement:
INSERT INTO role(role_ID, NAME, CREATED_BY, CREATION_DATE, LAST_UPDATE, UPDATED_BY, STATUS, DELETED) VALUES(1, 'PROD-1', 2, CURRENT_TIMESTAMP, CURRENT_TIMESTAMP, 2, 'AC', 0) [23502-200]
	at com.presinal.appsec.role.service.RoleServiceTest.lambda$setUp$0(RoleServiceTest.java:114)
	at com.presinal.appsec.role.service.RoleServiceTest.setUp(RoleServiceTest.java:107)
Caused by: org.h2.jdbc.JdbcSQLIntegrityConstraintViolationException: 
NULL not allowed for column "DESCRIPTION"; SQL statement:
INSERT INTO role(role_ID, NAME, CREATED_BY, CREATION_DATE, LAST_UPDATE, UPDATED_BY, STATUS, DELETED) VALUES(1, 'PROD-1', 2, CURRENT_TIMESTAMP, CURRENT_TIMESTAMP, 2, 'AC', 0) [23502-200]
	at com.presinal.appsec.role.service.RoleServiceTest.lambda$setUp$0(RoleServiceTest.java:114)
	at com.presinal.appsec.role.service.RoleServiceTest.setUp(RoleServiceTest.java:107)

testCreate_normalFlow  Time elapsed: 0.05 s  <<< ERROR!
org.springframework.jdbc.datasource.init.ScriptStatementFailedException: 
Failed to execute SQL script statement #1 of class path resource [data/Role/Role-insert_data.sql]: INSERT INTO role(role_ID, NAME, CREATED_BY, CREATION_DATE, LAST_UPDATE, UPDATED_BY, STATUS, DELETED) VALUES(1, 'PROD-1', 2, CURRENT_TIMESTAMP, CURRENT_TIMESTAMP, 2, 'AC', 0); nested exception is org.h2.jdbc.JdbcSQLIntegrityConstraintViolationException: NULL not allowed for column "DESCRIPTION"; SQL statement:
INSERT INTO role(role_ID, NAME, CREATED_BY, CREATION_DATE, LAST_UPDATE, UPDATED_BY, STATUS, DELETED) VALUES(1, 'PROD-1', 2, CURRENT_TIMESTAMP, CURRENT_TIMESTAMP, 2, 'AC', 0) [23502-200]
	at com.presinal.appsec.role.service.RoleServiceTest.lambda$setUp$0(RoleServiceTest.java:114)
	at com.presinal.appsec.role.service.RoleServiceTest.setUp(RoleServiceTest.java:107)
Caused by: org.h2.jdbc.JdbcSQLIntegrityConstraintViolationException: 
NULL not allowed for column "DESCRIPTION"; SQL statement:
INSERT INTO role(role_ID, NAME, CREATED_BY, CREATION_DATE, LAST_UPDATE, UPDATED_BY, STATUS, DELETED) VALUES(1, 'PROD-1', 2, CURRENT_TIMESTAMP, CURRENT_TIMESTAMP, 2, 'AC', 0) [23502-200]
	at com.presinal.appsec.role.service.RoleServiceTest.lambda$setUp$0(RoleServiceTest.java:114)
	at com.presinal.appsec.role.service.RoleServiceTest.setUp(RoleServiceTest.java:107)

