<?xml version="1.0" encoding="UTF-8"?>
<testsuite xmlns:xsi="http://www.w3.org/2001/XMLSchema-instance" xsi:noNamespaceSchemaLocation="https://maven.apache.org/surefire/maven-surefire-plugin/xsd/surefire-test-report.xsd" name="com.presinal.appsec.role.service.RoleServiceTest" time="18.314" tests="10" errors="10" skipped="0" failures="0">
  <properties>
[...]
</properties>
  <testcase name="testUpdate_requiredFieldCreatedByFlow" classname="com.presinal.appsec.role.service.RoleServiceTest" time="0.293">
    <error message="Failed to execute SQL script statement #1 of class path resource [data/Role/Role-insert_data.sql]: INSERT INTO role(role_ID, NAME, CREATED_BY, CREATION_DATE, LAST_UPDATE, UPDATED_BY, STATUS, DELETED) VALUES(1, &apos;PROD-1&apos;, 2, CURRENT_TIMESTAMP, CURRENT_TIMESTAMP, 2, &apos;AC&apos;, 0); nested exception is org.h2.jdbc.JdbcSQLIntegrityConstraintViolationException: NULL not allowed for column &quot;DESCRIPTION&quot;; SQL statement:&#10;INSERT INTO role(role_ID, NAME, CREATED_BY, CREATION_DATE, LAST_UPDATE, UPDATED_BY, STATUS, DELETED) VALUES(1, &apos;PROD-1&apos;, 2, CURRENT_TIMESTAMP, CURRENT_TIMESTAMP, 2, &apos;AC&apos;, 0) [23502-200]" type="org.springframework.jdbc.datasource.init.ScriptStatementFailedException">org.springframework.jdbc.datasource.init.ScriptStatementFailedException: 
Failed to execute SQL script statement #1 of class path resource [data/Role/Role-insert_data.sql]: INSERT INTO role(role_ID, NAME, CREATED_BY, CREATION_DATE, LAST_UPDATE, UPDATED_BY, STATUS, DELETED) VALUES(1, 'PROD-1', 2, CURRENT_TIMESTAMP, CURRENT_TIMESTAMP, 2, 'AC', 0); nested exception is org.h2.jdbc.JdbcSQLIntegrityConstraintViolationException: NULL not allowed for column "DESCRIPTION"; SQL statement:
INSERT INTO role(role_ID, NAME, CREATED_BY, CREATION_DATE, LAST_UPDATE, UPDATED_BY, STATUS, DELETED) VALUES(1, 'PROD-1', 2, CURRENT_TIMESTAMP, CURRENT_TIMESTAMP, 2, 'AC', 0) [23502-200]
	at com.presinal.appsec.role.service.RoleServiceTest.lambda$setUp$0(RoleServiceTest.java:114)
	at com.presinal.appsec.role.service.RoleServiceTest.setUp(RoleServiceTest.java:107)
Caused by: org.h2.jdbc.JdbcSQLIntegrityConstraintViolationException: 
NULL not allowed for column "DESCRIPTION"; SQL statement:
INSERT INTO role(role_ID, NAME, CREATED_BY, CREATION_DATE, LAST_UPDATE, UPDATED_BY, STATUS, DELETED) VALUES(1, 'PROD-1', 2, CURRENT_TIMESTAMP, CURRENT_TIMESTAMP, 2, 'AC', 0) [23502-200]
	at com.presinal.appsec.role.service.RoleServiceTest.lambda$setUp$0(RoleServiceTest.java:114)
	at com.presinal.appsec.role.service.RoleServiceTest.setUp(RoleServiceTest.java:107)
</error>
    <system-out><![CDATA[20:43:40.366 [main] DEBUG org.springframework.test.context.junit4.SpringJUnit4ClassRunner - SpringJUnit4ClassRunner constructor called with [class com.presinal.appsec.role.service.RoleServiceTest]
20:43:40.382 [main] DEBUG org.springframework.test.context.BootstrapUtils - Instantiating CacheAwareContextLoaderDelegate from class [org.springframework.test.context.cache.DefaultCacheAwareContextLoaderDelegate]
20:43:40.401 [main] DEBUG org.springframework.test.context.BootstrapUtils - Instantiating BootstrapContext using constructor [public org.springframework.test.context.support.DefaultBootstrapContext(java.lang.Class,org.springframework.test.context.CacheAwareContextLoaderDelegate)]
20:43:40.492 [main] DEBUG org.springframework.test.context.BootstrapUtils - Instantiating TestContextBootstrapper for test class [com.presinal.appsec.role.service.RoleServiceTest] from class [org.springframework.boot.test.context.SpringBootTestContextBootstrapper]
20:43:40.569 [main] DEBUG org.springframework.test.context.support.AbstractContextLoader - Did not detect default resource location for test class [com.presinal.appsec.role.service.RoleServiceTest]: class path resource [com/presinal/appsec/role/service/RoleServiceTest-context.xml] does not exist
20:43:40.570 [main] DEBUG org.springframework.test.context.support.AbstractContextLoader - Did not detect default resource location for test class [com.presinal.appsec.role.service.RoleServiceTest]: class path resource [com/presinal/appsec/role/service/RoleServiceTestContext.groovy] does not exist
20:43:40.571 [main] INFO org.springframework.test.context.support.AbstractContextLoader - Could not detect default resource locations for test class [com.presinal.appsec.role.service.RoleServiceTest]: no resource found for suffixes {-context.xml, Context.groovy}.
20:43:41.228 [main] DEBUG org.springframework.boot.test.context.SpringBootTestContextBootstrapper - @TestExecutionListeners is not present for class [com.presinal.appsec.role.service.RoleServiceTest]: using defaults.
20:43:41.230 [main] INFO org.springframework.boot.test.context.SpringBootTestContextBootstrapper - Loaded default TestExecutionListener class names from location [META-INF/spring.factories]: [org.springframework.boot.test.mock.mockito.MockitoTestExecutionListener, org.springframework.boot.test.mock.mockito.ResetMocksTestExecutionListener, org.springframework.boot.test.autoconfigure.restdocs.RestDocsTestExecutionListener, org.springframework.boot.test.autoconfigure.web.client.MockRestServiceServerResetTestExecutionListener, org.springframework.boot.test.autoconfigure.web.servlet.MockMvcPrintOnlyOnFailureTestExecutionListener, org.springframework.boot.test.autoconfigure.web.servlet.WebDriverTestExecutionListener, org.springframework.test.context.web.ServletTestExecutionListener, org.springframework.test.context.support.DirtiesContextBeforeModesTestExecutionListener, org.springframework.test.context.support.DependencyInjectionTestExecutionListener, org.springframework.test.context.support.DirtiesContextTestExecutionListener, org.springframework.test.context.transaction.TransactionalTestExecutionListener, org.springframework.test.context.jdbc.SqlScriptsTestExecutionListener, org.springframework.test.context.event.EventPublishingTestExecutionListener, org.springframework.security.test.context.support.WithSecurityContextTestExecutionListener, org.springframework.security.test.context.support.ReactorContextTestExecutionListener]
20:43:41.369 [main] INFO org.springframework.boot.test.context.SpringBootTestContextBootstrapper - Using TestExecutionListeners: [org.springframework.test.context.web.ServletTestExecutionListener@5a56cdac, org.springframework.test.context.support.DirtiesContextBeforeModesTestExecutionListener@7c711375, org.springframework.boot.test.mock.mockito.MockitoTestExecutionListener@57cf54e1, org.springframework.boot.test.autoconfigure.SpringBootDependencyInjectionTestExecutionListener@5b03b9fe, org.springframework.test.context.support.DirtiesContextTestExecutionListener@37d4349f, org.springframework.test.context.transaction.TransactionalTestExecutionListener@434a63ab, org.springframework.test.context.jdbc.SqlScriptsTestExecutionListener@6e0f5f7f, org.springframework.test.context.event.EventPublishingTestExecutionListener@2805d709, org.springframework.security.test.context.support.WithSecurityContextTestExecutionListener@3ee37e5a, org.springframework.security.test.context.support.ReactorContextTestExecutionListener@2ea41516, org.springframework.boot.test.mock.mockito.ResetMocksTestExecutionListener@3a44431a, org.springframework.boot.test.autoconfigure.restdocs.RestDocsTestExecutionListener@3c7f66c4, org.springframework.boot.test.autoconfigure.web.client.MockRestServiceServerResetTestExecutionListener@194bcebf, org.springframework.boot.test.autoconfigure.web.servlet.MockMvcPrintOnlyOnFailureTestExecutionListener@17497425, org.springframework.boot.test.autoconfigure.web.servlet.WebDriverTestExecutionListener@f0da945]
20:43:41.385 [main] DEBUG org.springframework.test.annotation.ProfileValueUtils - Retrieved @ProfileValueSourceConfiguration [null] for test class [com.presinal.appsec.role.service.RoleServiceTest]
20:43:41.388 [main] DEBUG org.springframework.test.annotation.ProfileValueUtils - Retrieved ProfileValueSource type [class org.springframework.test.annotation.SystemProfileValueSource] for class [com.presinal.appsec.role.service.RoleServiceTest]
20:43:41.502 [main] DEBUG org.springframework.test.context.junit4.SpringJUnit4ClassRunner - SpringJUnit4ClassRunner constructor called with [class com.presinal.appsec.role.service.RoleServiceTest]
20:43:41.503 [main] DEBUG org.springframework.test.context.BootstrapUtils - Instantiating CacheAwareContextLoaderDelegate from class [org.springframework.test.context.cache.DefaultCacheAwareContextLoaderDelegate]
20:43:41.503 [main] DEBUG org.springframework.test.context.BootstrapUtils - Instantiating BootstrapContext using constructor [public org.springframework.test.context.support.DefaultBootstrapContext(java.lang.Class,org.springframework.test.context.CacheAwareContextLoaderDelegate)]
20:43:41.504 [main] DEBUG org.springframework.test.context.BootstrapUtils - Instantiating TestContextBootstrapper for test class [com.presinal.appsec.role.service.RoleServiceTest] from class [org.springframework.boot.test.context.SpringBootTestContextBootstrapper]
20:43:41.507 [main] DEBUG org.springframework.test.context.support.AbstractContextLoader - Did not detect default resource location for test class [com.presinal.appsec.role.service.RoleServiceTest]: class path resource [com/presinal/appsec/role/service/RoleServiceTest-context.xml] does not exist
20:43:41.508 [main] DEBUG org.springframework.test.context.support.AbstractContextLoader - Did not detect default resource location for test class [com.presinal.appsec.role.service.RoleServiceTest]: class path resource [com/presinal/appsec/role/service/RoleServiceTestContext.groovy] does not exist
20:43:41.509 [main] INFO org.springframework.test.context.support.AbstractContextLoader - Could not detect default resource locations for test class [com.presinal.appsec.role.service.RoleServiceTest]: no resource found for suffixes {-context.xml, Context.groovy}.
20:43:41.529 [main] DEBUG org.springframework.boot.test.context.SpringBootTestContextBootstrapper - @TestExecutionListeners is not present for class [com.presinal.appsec.role.service.RoleServiceTest]: using defaults.
20:43:41.529 [main] INFO org.springframework.boot.test.context.SpringBootTestContextBootstrapper - Loaded default TestExecutionListener class names from location [META-INF/spring.factories]: [org.springframework.boot.test.mock.mockito.MockitoTestExecutionListener, org.springframework.boot.test.mock.mockito.ResetMocksTestExecutionListener, org.springframework.boot.test.autoconfigure.restdocs.RestDocsTestExecutionListener, org.springframework.boot.test.autoconfigure.web.client.MockRestServiceServerResetTestExecutionListener, org.springframework.boot.test.autoconfigure.web.servlet.MockMvcPrintOnlyOnFailureTestExecutionListener, org.springframework.boot.test.autoconfigure.web.servlet.WebDriverTestExecutionListener, org.springframework.test.context.web.ServletTestExecutionListener, org.springframework.test.context.support.DirtiesContextBeforeModesTestExecutionListener, org.springframework.test.context.support.DependencyInjectionTestExecutionListener, org.springframework.test.context.support.DirtiesContextTestExecutionListener, org.springframework.test.context.transaction.TransactionalTestExecutionListener, org.springframework.test.context.jdbc.SqlScriptsTestExecutionListener, org.springframework.test.context.event.EventPublishingTestExecutionListener, org.springframework.security.test.context.support.WithSecurityContextTestExecutionListener, org.springframework.security.test.context.support.ReactorContextTestExecutionListener]
20:43:41.532 [main] INFO org.springframework.boot.test.context.SpringBootTestContextBootstrapper - Using TestExecutionListeners: [org.springframework.test.context.web.ServletTestExecutionListener@1e0b4072, org.springframework.test.context.support.DirtiesContextBeforeModesTestExecutionListener@791f145a, org.springframework.boot.test.mock.mockito.MockitoTestExecutionListener@38cee291, org.springframework.boot.test.autoconfigure.SpringBootDependencyInjectionTestExecutionListener@4b45a2f5, org.springframework.test.context.support.DirtiesContextTestExecutionListener@f09733f, org.springframework.test.context.transaction.TransactionalTestExecutionListener@e350b40, org.springframework.test.context.jdbc.SqlScriptsTestExecutionListener@41a0aa7d, org.springframework.test.context.event.EventPublishingTestExecutionListener@2794eab6, org.springframework.security.test.context.support.WithSecurityContextTestExecutionListener@6340e5f0, org.springframework.security.test.context.support.ReactorContextTestExecutionListener@45099dd3, org.springframework.boot.test.mock.mockito.ResetMocksTestExecutionListener@13e344d, org.springframework.boot.test.autoconfigure.restdocs.RestDocsTestExecutionListener@1ffaf86, org.springframework.boot.test.autoconfigure.web.client.MockRestServiceServerResetTestExecutionListener@6574a52c, org.springframework.boot.test.autoconfigure.web.servlet.MockMvcPrintOnlyOnFailureTestExecutionListener@6c1a5b54, org.springframework.boot.test.autoconfigure.web.servlet.WebDriverTestExecutionListener@1c7696c6]
20:43:41.533 [main] DEBUG org.springframework.test.annotation.ProfileValueUtils - Retrieved @ProfileValueSourceConfiguration [null] for test class [com.presinal.appsec.role.service.RoleServiceTest]
20:43:41.533 [main] DEBUG org.springframework.test.annotation.ProfileValueUtils - Retrieved ProfileValueSource type [class org.springframework.test.annotation.SystemProfileValueSource] for class [com.presinal.appsec.role.service.RoleServiceTest]
20:43:41.807 [main] DEBUG org.springframework.test.annotation.ProfileValueUtils - Retrieved @ProfileValueSourceConfiguration [null] for test class [com.presinal.appsec.role.service.RoleServiceTest]
20:43:41.807 [main] DEBUG org.springframework.test.annotation.ProfileValueUtils - Retrieved ProfileValueSource type [class org.springframework.test.annotation.SystemProfileValueSource] for class [com.presinal.appsec.role.service.RoleServiceTest]
20:43:41.818 [main] DEBUG org.springframework.test.annotation.ProfileValueUtils - Retrieved @ProfileValueSourceConfiguration [null] for test class [com.presinal.appsec.role.service.RoleServiceTest]
20:43:41.819 [main] DEBUG org.springframework.test.annotation.ProfileValueUtils - Retrieved ProfileValueSource type [class org.springframework.test.annotation.SystemProfileValueSource] for class [com.presinal.appsec.role.service.RoleServiceTest]
20:43:41.821 [main] DEBUG org.springframework.test.annotation.ProfileValueUtils - Retrieved @ProfileValueSourceConfiguration [null] for test class [com.presinal.appsec.role.service.RoleServiceTest]
20:43:41.821 [main] DEBUG org.springframework.test.annotation.ProfileValueUtils - Retrieved ProfileValueSource type [class org.springframework.test.annotation.SystemProfileValueSource] for class [com.presinal.appsec.role.service.RoleServiceTest]
20:43:41.846 [main] DEBUG org.springframework.test.context.support.AbstractDirtiesContextTestExecutionListener - Before test class: context [DefaultTestContext@60f00693 testClass = RoleServiceTest, testInstance = [null], testMethod = [null], testException = [null], mergedContextConfiguration = [WebMergedContextConfiguration@79207381 testClass = RoleServiceTest, locations = '{}', classes = '{class com.presinal.appsec.role.RestApplicationTest, class com.presinal.appsec.role.config.TestApplicationConfig}', contextInitializerClasses = '[]', activeProfiles = '{test}', propertySourceLocations = '{classpath:application.properties}', propertySourceProperties = '{org.springframework.boot.test.context.SpringBootTestContextBootstrapper=true}', contextCustomizers = set[org.springframework.boot.test.context.filter.ExcludeFilterContextCustomizer@7722c3c3, org.springframework.boot.test.json.DuplicateJsonObjectContextCustomizerFactory$DuplicateJsonObjectContextCustomizer@291ae, org.springframework.boot.test.mock.mockito.MockitoContextCustomizer@0, org.springframework.boot.test.web.client.TestRestTemplateContextCustomizer@f5ac9e4, org.springframework.boot.test.autoconfigure.properties.PropertyMappingContextCustomizer@0, org.springframework.boot.test.autoconfigure.web.servlet.WebDriverContextCustomizerFactory$Customizer@2e005c4b], resourceBasePath = 'src/main/webapp', contextLoader = 'org.springframework.boot.test.context.SpringBootContextLoader', parent = [null]], attributes = map['org.springframework.test.context.web.ServletTestExecutionListener.activateListener' -> true]], class annotated with @DirtiesContext [false] with mode [null].
20:43:41.853 [main] DEBUG org.springframework.test.annotation.ProfileValueUtils - Retrieved @ProfileValueSourceConfiguration [null] for test class [com.presinal.appsec.role.service.RoleServiceTest]
20:43:41.854 [main] DEBUG org.springframework.test.annotation.ProfileValueUtils - Retrieved ProfileValueSource type [class org.springframework.test.annotation.SystemProfileValueSource] for class [com.presinal.appsec.role.service.RoleServiceTest]
20:43:42.012 [main] DEBUG org.springframework.test.context.support.TestPropertySourceUtils - Adding inlined properties to environment: {spring.jmx.enabled=false, org.springframework.boot.test.context.SpringBootTestContextBootstrapper=true, server.port=-1}

  .   ____          _            __ _ _
 /\\ / ___'_ __ _ _(_)_ __  __ _ \ \ \ \
( ( )\___ | '_ | '_| | '_ \/ _` | \ \ \ \
 \\/  ___)| |_)| | | | | || (_| |  ) ) ) )
  '  |____| .__|_| |_|_| |_\__, | / / / /
 =========|_|==============|___/=/_/_/_/
 :: Spring Boot ::        (v2.2.2.RELEASE)

2020-10-04 20:43:43.614  INFO 8392 --- [           main] c.p.appsec.role.service.RoleServiceTest  : Starting RoleServiceTest on MAIN-PC with PID 8392 (started by Miguel in C:\Proyectos\maven\appsec\appsec-role-rest)
2020-10-04 20:43:43.617 DEBUG 8392 --- [           main] c.p.appsec.role.service.RoleServiceTest  : Running with Spring Boot v2.2.2.RELEASE, Spring v5.2.2.RELEASE
2020-10-04 20:43:43.617  INFO 8392 --- [           main] c.p.appsec.role.service.RoleServiceTest  : The following profiles are active: test
2020-10-04 20:43:46.062  INFO 8392 --- [           main] .s.d.r.c.RepositoryConfigurationDelegate : Bootstrapping Spring Data JPA repositories in DEFAULT mode.
2020-10-04 20:43:46.272  INFO 8392 --- [           main] .s.d.r.c.RepositoryConfigurationDelegate : Finished Spring Data repository scanning in 176ms. Found 1 JPA repository interfaces.
2020-10-04 20:43:47.966  INFO 8392 --- [           main] ptablePropertiesBeanFactoryPostProcessor : Post-processing PropertySource instances
2020-10-04 20:43:48.207  INFO 8392 --- [           main] c.u.j.EncryptablePropertySourceConverter : Converting PropertySource configurationProperties [org.springframework.boot.context.properties.source.ConfigurationPropertySourcesPropertySource] to AOP Proxy
2020-10-04 20:43:48.208  INFO 8392 --- [           main] c.u.j.EncryptablePropertySourceConverter : Converting PropertySource Inlined Test Properties [org.springframework.core.env.MapPropertySource] to EncryptableMapPropertySourceWrapper
2020-10-04 20:43:48.209  INFO 8392 --- [           main] c.u.j.EncryptablePropertySourceConverter : Converting PropertySource class path resource [application.properties] [org.springframework.core.io.support.ResourcePropertySource] to EncryptableMapPropertySourceWrapper
2020-10-04 20:43:48.209  INFO 8392 --- [           main] c.u.j.EncryptablePropertySourceConverter : Converting PropertySource test [org.springframework.core.env.MapPropertySource] to EncryptableMapPropertySourceWrapper
2020-10-04 20:43:48.210  INFO 8392 --- [           main] c.u.j.EncryptablePropertySourceConverter : Converting PropertySource systemProperties [org.springframework.core.env.PropertiesPropertySource] to EncryptableMapPropertySourceWrapper
2020-10-04 20:43:48.211  INFO 8392 --- [           main] c.u.j.EncryptablePropertySourceConverter : Converting PropertySource systemEnvironment [org.springframework.boot.env.SystemEnvironmentPropertySourceEnvironmentPostProcessor$OriginAwareSystemEnvironmentPropertySource] to EncryptableMapPropertySourceWrapper
2020-10-04 20:43:48.211  INFO 8392 --- [           main] c.u.j.EncryptablePropertySourceConverter : Converting PropertySource random [org.springframework.boot.env.RandomValuePropertySource] to EncryptablePropertySourceWrapper
2020-10-04 20:43:48.212  INFO 8392 --- [           main] c.u.j.EncryptablePropertySourceConverter : Converting PropertySource applicationConfig: [classpath:/application.properties] [org.springframework.boot.env.OriginTrackedMapPropertySource] to EncryptableMapPropertySourceWrapper
2020-10-04 20:43:48.212  INFO 8392 --- [           main] c.u.j.EncryptablePropertySourceConverter : Converting PropertySource class path resource [config/Role/application.properties] [org.springframework.core.io.support.ResourcePropertySource] to EncryptableMapPropertySourceWrapper
2020-10-04 20:43:48.671  INFO 8392 --- [           main] c.u.j.filter.DefaultLazyPropertyFilter   : Property Filter custom Bean not found with name 'encryptablePropertyFilter'. Initializing Default Property Filter
2020-10-04 20:43:48.893  INFO 8392 --- [           main] trationDelegate$BeanPostProcessorChecker : Bean 'org.springframework.transaction.annotation.ProxyTransactionManagementConfiguration' of type [org.springframework.transaction.annotation.ProxyTransactionManagementConfiguration] is not eligible for getting processed by all BeanPostProcessors (for example: not eligible for auto-proxying)
2020-10-04 20:43:49.077  INFO 8392 --- [           main] trationDelegate$BeanPostProcessorChecker : Bean 'org.springframework.hateoas.config.HateoasConfiguration' of type [org.springframework.hateoas.config.HateoasConfiguration$$EnhancerBySpringCGLIB$$138d971c] is not eligible for getting processed by all BeanPostProcessors (for example: not eligible for auto-proxying)
2020-10-04 20:43:49.144  INFO 8392 --- [           main] trationDelegate$BeanPostProcessorChecker : Bean 'relProviderPluginRegistry' of type [org.springframework.plugin.core.support.PluginRegistryFactoryBean] is not eligible for getting processed by all BeanPostProcessors (for example: not eligible for auto-proxying)
2020-10-04 20:43:49.157  INFO 8392 --- [           main] trationDelegate$BeanPostProcessorChecker : Bean 'relProviderPluginRegistry' of type [org.springframework.plugin.core.OrderAwarePluginRegistry] is not eligible for getting processed by all BeanPostProcessors (for example: not eligible for auto-proxying)
2020-10-04 20:43:49.193  INFO 8392 --- [           main] trationDelegate$BeanPostProcessorChecker : Bean '_relProvider' of type [org.springframework.hateoas.server.core.DelegatingLinkRelationProvider] is not eligible for getting processed by all BeanPostProcessors (for example: not eligible for auto-proxying)
2020-10-04 20:43:49.222  INFO 8392 --- [           main] trationDelegate$BeanPostProcessorChecker : Bean 'messageResolver' of type [org.springframework.hateoas.mediatype.DefaultOnlyMessageResolver] is not eligible for getting processed by all BeanPostProcessors (for example: not eligible for auto-proxying)
2020-10-04 20:43:49.246  INFO 8392 --- [           main] trationDelegate$BeanPostProcessorChecker : Bean 'org.springframework.hateoas.mediatype.hal.HalMediaTypeConfiguration' of type [org.springframework.hateoas.mediatype.hal.HalMediaTypeConfiguration$$EnhancerBySpringCGLIB$$6d8225f1] is not eligible for getting processed by all BeanPostProcessors (for example: not eligible for auto-proxying)
2020-10-04 20:43:49.262  INFO 8392 --- [           main] trationDelegate$BeanPostProcessorChecker : Bean 'org.springframework.boot.autoconfigure.jackson.JacksonAutoConfiguration$JacksonObjectMapperConfiguration' of type [org.springframework.boot.autoconfigure.jackson.JacksonAutoConfiguration$JacksonObjectMapperConfiguration] is not eligible for getting processed by all BeanPostProcessors (for example: not eligible for auto-proxying)
2020-10-04 20:43:49.273  INFO 8392 --- [           main] trationDelegate$BeanPostProcessorChecker : Bean 'org.springframework.boot.autoconfigure.jackson.JacksonAutoConfiguration$JacksonObjectMapperBuilderConfiguration' of type [org.springframework.boot.autoconfigure.jackson.JacksonAutoConfiguration$JacksonObjectMapperBuilderConfiguration] is not eligible for getting processed by all BeanPostProcessors (for example: not eligible for auto-proxying)
2020-10-04 20:43:49.283  INFO 8392 --- [           main] trationDelegate$BeanPostProcessorChecker : Bean 'org.springframework.boot.autoconfigure.jackson.JacksonAutoConfiguration$Jackson2ObjectMapperBuilderCustomizerConfiguration' of type [org.springframework.boot.autoconfigure.jackson.JacksonAutoConfiguration$Jackson2ObjectMapperBuilderCustomizerConfiguration] is not eligible for getting processed by all BeanPostProcessors (for example: not eligible for auto-proxying)
2020-10-04 20:43:49.344  INFO 8392 --- [           main] trationDelegate$BeanPostProcessorChecker : Bean 'spring.jackson-org.springframework.boot.autoconfigure.jackson.JacksonProperties' of type [org.springframework.boot.autoconfigure.jackson.JacksonProperties] is not eligible for getting processed by all BeanPostProcessors (for example: not eligible for auto-proxying)
2020-10-04 20:43:49.388  INFO 8392 --- [           main] trationDelegate$BeanPostProcessorChecker : Bean 'standardJacksonObjectMapperBuilderCustomizer' of type [org.springframework.boot.autoconfigure.jackson.JacksonAutoConfiguration$Jackson2ObjectMapperBuilderCustomizerConfiguration$StandardJackson2ObjectMapperBuilderCustomizer] is not eligible for getting processed by all BeanPostProcessors (for example: not eligible for auto-proxying)
2020-10-04 20:43:49.402  INFO 8392 --- [           main] trationDelegate$BeanPostProcessorChecker : Bean 'org.springframework.boot.autoconfigure.jackson.JacksonAutoConfiguration$ParameterNamesModuleConfiguration' of type [org.springframework.boot.autoconfigure.jackson.JacksonAutoConfiguration$ParameterNamesModuleConfiguration] is not eligible for getting processed by all BeanPostProcessors (for example: not eligible for auto-proxying)
2020-10-04 20:43:49.490  INFO 8392 --- [           main] trationDelegate$BeanPostProcessorChecker : Bean 'parameterNamesModule' of type [com.fasterxml.jackson.module.paramnames.ParameterNamesModule] is not eligible for getting processed by all BeanPostProcessors (for example: not eligible for auto-proxying)
2020-10-04 20:43:49.502  INFO 8392 --- [           main] trationDelegate$BeanPostProcessorChecker : Bean 'org.springframework.boot.autoconfigure.jackson.JacksonAutoConfiguration' of type [org.springframework.boot.autoconfigure.jackson.JacksonAutoConfiguration] is not eligible for getting processed by all BeanPostProcessors (for example: not eligible for auto-proxying)
2020-10-04 20:43:49.551  INFO 8392 --- [           main] trationDelegate$BeanPostProcessorChecker : Bean 'jsonComponentModule' of type [org.springframework.boot.jackson.JsonComponentModule] is not eligible for getting processed by all BeanPostProcessors (for example: not eligible for auto-proxying)
2020-10-04 20:43:49.564  INFO 8392 --- [           main] trationDelegate$BeanPostProcessorChecker : Bean 'org.springframework.data.web.config.SpringDataJacksonConfiguration' of type [org.springframework.data.web.config.SpringDataJacksonConfiguration] is not eligible for getting processed by all BeanPostProcessors (for example: not eligible for auto-proxying)
2020-10-04 20:43:49.613  INFO 8392 --- [           main] trationDelegate$BeanPostProcessorChecker : Bean 'jacksonGeoModule' of type [org.springframework.data.geo.GeoModule] is not eligible for getting processed by all BeanPostProcessors (for example: not eligible for auto-proxying)
2020-10-04 20:43:49.628  INFO 8392 --- [           main] trationDelegate$BeanPostProcessorChecker : Bean 'jacksonObjectMapperBuilder' of type [org.springframework.http.converter.json.Jackson2ObjectMapperBuilder] is not eligible for getting processed by all BeanPostProcessors (for example: not eligible for auto-proxying)
2020-10-04 20:43:49.713  INFO 8392 --- [           main] trationDelegate$BeanPostProcessorChecker : Bean 'jacksonObjectMapper' of type [com.fasterxml.jackson.databind.ObjectMapper] is not eligible for getting processed by all BeanPostProcessors (for example: not eligible for auto-proxying)
2020-10-04 20:43:49.853  INFO 8392 --- [           main] trationDelegate$BeanPostProcessorChecker : Bean 'hypermediaWebMvcConverters' of type [org.springframework.hateoas.config.WebConverters] is not eligible for getting processed by all BeanPostProcessors (for example: not eligible for auto-proxying)
2020-10-04 20:43:49.943  INFO 8392 --- [           main] c.u.j.r.DefaultLazyPropertyResolver      : Property Resolver custom Bean not found with name 'encryptablePropertyResolver'. Initializing Default Property Resolver
2020-10-04 20:43:49.949  INFO 8392 --- [           main] c.u.j.d.DefaultLazyPropertyDetector      : Property Detector custom Bean not found with name 'encryptablePropertyDetector'. Initializing Default Property Detector
2020-10-04 20:43:50.265  INFO 8392 --- [           main] o.s.j.d.e.EmbeddedDatabaseFactory        : Starting embedded database: url='jdbc:h2:mem:MyDB;LOCK_TIMEOUT=20000;DB_CLOSE_DELAY=-1;DB_CLOSE_ON_EXIT=false', username='sa'
2020-10-04 20:43:51.617  INFO 8392 --- [           main] o.hibernate.jpa.internal.util.LogHelper  : HHH000204: Processing PersistenceUnitInfo [name: default]
2020-10-04 20:43:51.895  INFO 8392 --- [           main] org.hibernate.Version                    : HHH000412: Hibernate Core {5.4.9.Final}
2020-10-04 20:43:52.411  INFO 8392 --- [           main] o.hibernate.annotations.common.Version   : HCANN000001: Hibernate Commons Annotations {5.1.0.Final}
2020-10-04 20:43:54.173  INFO 8392 --- [           main] org.hibernate.dialect.Dialect            : HHH000400: Using dialect: org.hibernate.dialect.H2Dialect
Hibernate: drop table role if exists
Hibernate: create table role (role_id bigint generated by default as identity, CREATED_BY bigint not null, CREATION_DATE timestamp, DELETED boolean not null, LAST_UPDATE timestamp, STATUS varchar(5) not null, UPDATED_BY bigint not null, description varchar(256) not null, name varchar(100) not null, primary key (role_id))
2020-10-04 20:43:56.177  INFO 8392 --- [           main] o.h.e.t.j.p.i.JtaPlatformInitiator       : HHH000490: Using JtaPlatform implementation: [org.hibernate.engine.transaction.jta.platform.internal.NoJtaPlatform]
2020-10-04 20:43:56.197  INFO 8392 --- [           main] j.LocalContainerEntityManagerFactoryBean : Initialized JPA EntityManagerFactory for persistence unit 'default'
2020-10-04 20:43:58.020  WARN 8392 --- [           main] JpaBaseConfiguration$JpaWebConfiguration : spring.jpa.open-in-view is enabled by default. Therefore, database queries may be performed during view rendering. Explicitly configure spring.jpa.open-in-view to disable this warning
2020-10-04 20:43:59.449  INFO 8392 --- [           main] o.s.s.concurrent.ThreadPoolTaskExecutor  : Initializing ExecutorService 'applicationTaskExecutor'
2020-10-04 20:44:00.765  INFO 8392 --- [           main] .s.s.UserDetailsServiceAutoConfiguration : 

Using generated security password: e347ccca-eeb9-4621-9dae-e1dee09308e6

2020-10-04 20:44:01.743  INFO 8392 --- [           main] o.s.s.web.DefaultSecurityFilterChain     : Creating filter chain: any request, [org.springframework.security.web.context.request.async.WebAsyncManagerIntegrationFilter@3149409c, org.springframework.security.web.context.SecurityContextPersistenceFilter@433b1597, org.springframework.security.web.header.HeaderWriterFilter@4cacccbf, org.springframework.security.web.authentication.logout.LogoutFilter@4ff0706c, org.springframework.security.oauth2.provider.authentication.OAuth2AuthenticationProcessingFilter@519b0f00, org.springframework.security.web.savedrequest.RequestCacheAwareFilter@14d18029, org.springframework.security.web.servletapi.SecurityContextHolderAwareRequestFilter@6706da3d, org.springframework.security.web.authentication.AnonymousAuthenticationFilter@1c421b0f, org.springframework.security.web.session.SessionManagementFilter@62cf86d6, org.springframework.security.web.access.ExceptionTranslationFilter@4af0c50, org.springframework.security.web.access.intercept.FilterSecurityInterceptor@1b3bb287]
2020-10-04 20:44:02.071  INFO 8392 --- [           main] c.p.appsec.role.service.RoleServiceTest  : Started RoleServiceTest in 20.026 seconds (JVM running for 24.107)
2020-10-04 20:44:02.306  INFO 8392 --- [           main] c.p.appsec.role.service.RoleServiceTest  : setUp() :: Enter
2020-10-04 20:44:02.311  INFO 8392 --- [           main] c.p.appsec.role.service.RoleServiceTest  : setUp() :: Cleaning up data....
2020-10-04 20:44:02.316  INFO 8392 --- [           main] c.p.appsec.role.service.RoleServiceTest  : setUp() :: Cleaning up data....DONE!!
2020-10-04 20:44:02.316  INFO 8392 --- [           main] c.p.appsec.role.service.RoleServiceTest  : setUp() :: Initializing data....
]]></system-out>
  </testcase>
  <testcase name="testCreate_existingDataFlow" classname="com.presinal.appsec.role.service.RoleServiceTest" time="0.108">
    <error message="Failed to execute SQL script statement #1 of class path resource [data/Role/Role-insert_data.sql]: INSERT INTO role(role_ID, NAME, CREATED_BY, CREATION_DATE, LAST_UPDATE, UPDATED_BY, STATUS, DELETED) VALUES(1, &apos;PROD-1&apos;, 2, CURRENT_TIMESTAMP, CURRENT_TIMESTAMP, 2, &apos;AC&apos;, 0); nested exception is org.h2.jdbc.JdbcSQLIntegrityConstraintViolationException: NULL not allowed for column &quot;DESCRIPTION&quot;; SQL statement:&#10;INSERT INTO role(role_ID, NAME, CREATED_BY, CREATION_DATE, LAST_UPDATE, UPDATED_BY, STATUS, DELETED) VALUES(1, &apos;PROD-1&apos;, 2, CURRENT_TIMESTAMP, CURRENT_TIMESTAMP, 2, &apos;AC&apos;, 0) [23502-200]" type="org.springframework.jdbc.datasource.init.ScriptStatementFailedException">org.springframework.jdbc.datasource.init.ScriptStatementFailedException: 
Failed to execute SQL script statement #1 of class path resource [data/Role/Role-insert_data.sql]: INSERT INTO role(role_ID, NAME, CREATED_BY, CREATION_DATE, LAST_UPDATE, UPDATED_BY, STATUS, DELETED) VALUES(1, 'PROD-1', 2, CURRENT_TIMESTAMP, CURRENT_TIMESTAMP, 2, 'AC', 0); nested exception is org.h2.jdbc.JdbcSQLIntegrityConstraintViolationException: NULL not allowed for column "DESCRIPTION"; SQL statement:
INSERT INTO role(role_ID, NAME, CREATED_BY, CREATION_DATE, LAST_UPDATE, UPDATED_BY, STATUS, DELETED) VALUES(1, 'PROD-1', 2, CURRENT_TIMESTAMP, CURRENT_TIMESTAMP, 2, 'AC', 0) [23502-200]
	at com.presinal.appsec.role.service.RoleServiceTest.lambda$setUp$0(RoleServiceTest.java:114)
	at com.presinal.appsec.role.service.RoleServiceTest.setUp(RoleServiceTest.java:107)
Caused by: org.h2.jdbc.JdbcSQLIntegrityConstraintViolationException: 
NULL not allowed for column "DESCRIPTION"; SQL statement:
INSERT INTO role(role_ID, NAME, CREATED_BY, CREATION_DATE, LAST_UPDATE, UPDATED_BY, STATUS, DELETED) VALUES(1, 'PROD-1', 2, CURRENT_TIMESTAMP, CURRENT_TIMESTAMP, 2, 'AC', 0) [23502-200]
	at com.presinal.appsec.role.service.RoleServiceTest.lambda$setUp$0(RoleServiceTest.java:114)
	at com.presinal.appsec.role.service.RoleServiceTest.setUp(RoleServiceTest.java:107)
</error>
    <system-out><![CDATA[2020-10-04 20:44:02.434  INFO 8392 --- [           main] c.p.appsec.role.service.RoleServiceTest  : setUp() :: Enter
2020-10-04 20:44:02.435  INFO 8392 --- [           main] c.p.appsec.role.service.RoleServiceTest  : setUp() :: Cleaning up data....
2020-10-04 20:44:02.437  INFO 8392 --- [           main] c.p.appsec.role.service.RoleServiceTest  : setUp() :: Cleaning up data....DONE!!
2020-10-04 20:44:02.437  INFO 8392 --- [           main] c.p.appsec.role.service.RoleServiceTest  : setUp() :: Initializing data....
]]></system-out>
  </testcase>
  <testcase name="testUpdate_existingDataFlow" classname="com.presinal.appsec.role.service.RoleServiceTest" time="0.052">
    <error message="Failed to execute SQL script statement #1 of class path resource [data/Role/Role-insert_data.sql]: INSERT INTO role(role_ID, NAME, CREATED_BY, CREATION_DATE, LAST_UPDATE, UPDATED_BY, STATUS, DELETED) VALUES(1, &apos;PROD-1&apos;, 2, CURRENT_TIMESTAMP, CURRENT_TIMESTAMP, 2, &apos;AC&apos;, 0); nested exception is org.h2.jdbc.JdbcSQLIntegrityConstraintViolationException: NULL not allowed for column &quot;DESCRIPTION&quot;; SQL statement:&#10;INSERT INTO role(role_ID, NAME, CREATED_BY, CREATION_DATE, LAST_UPDATE, UPDATED_BY, STATUS, DELETED) VALUES(1, &apos;PROD-1&apos;, 2, CURRENT_TIMESTAMP, CURRENT_TIMESTAMP, 2, &apos;AC&apos;, 0) [23502-200]" type="org.springframework.jdbc.datasource.init.ScriptStatementFailedException">org.springframework.jdbc.datasource.init.ScriptStatementFailedException: 
Failed to execute SQL script statement #1 of class path resource [data/Role/Role-insert_data.sql]: INSERT INTO role(role_ID, NAME, CREATED_BY, CREATION_DATE, LAST_UPDATE, UPDATED_BY, STATUS, DELETED) VALUES(1, 'PROD-1', 2, CURRENT_TIMESTAMP, CURRENT_TIMESTAMP, 2, 'AC', 0); nested exception is org.h2.jdbc.JdbcSQLIntegrityConstraintViolationException: NULL not allowed for column "DESCRIPTION"; SQL statement:
INSERT INTO role(role_ID, NAME, CREATED_BY, CREATION_DATE, LAST_UPDATE, UPDATED_BY, STATUS, DELETED) VALUES(1, 'PROD-1', 2, CURRENT_TIMESTAMP, CURRENT_TIMESTAMP, 2, 'AC', 0) [23502-200]
	at com.presinal.appsec.role.service.RoleServiceTest.lambda$setUp$0(RoleServiceTest.java:114)
	at com.presinal.appsec.role.service.RoleServiceTest.setUp(RoleServiceTest.java:107)
Caused by: org.h2.jdbc.JdbcSQLIntegrityConstraintViolationException: 
NULL not allowed for column "DESCRIPTION"; SQL statement:
INSERT INTO role(role_ID, NAME, CREATED_BY, CREATION_DATE, LAST_UPDATE, UPDATED_BY, STATUS, DELETED) VALUES(1, 'PROD-1', 2, CURRENT_TIMESTAMP, CURRENT_TIMESTAMP, 2, 'AC', 0) [23502-200]
	at com.presinal.appsec.role.service.RoleServiceTest.lambda$setUp$0(RoleServiceTest.java:114)
	at com.presinal.appsec.role.service.RoleServiceTest.setUp(RoleServiceTest.java:107)
</error>
    <system-out><![CDATA[2020-10-04 20:44:02.460  INFO 8392 --- [           main] c.p.appsec.role.service.RoleServiceTest  : setUp() :: Enter
2020-10-04 20:44:02.462  INFO 8392 --- [           main] c.p.appsec.role.service.RoleServiceTest  : setUp() :: Cleaning up data....
2020-10-04 20:44:02.464  INFO 8392 --- [           main] c.p.appsec.role.service.RoleServiceTest  : setUp() :: Cleaning up data....DONE!!
2020-10-04 20:44:02.464  INFO 8392 --- [           main] c.p.appsec.role.service.RoleServiceTest  : setUp() :: Initializing data....
]]></system-out>
  </testcase>
  <testcase name="testUpdate_integrityViolationFlow" classname="com.presinal.appsec.role.service.RoleServiceTest" time="0.261">
    <error message="Failed to execute SQL script statement #1 of class path resource [data/Role/Role-insert_data.sql]: INSERT INTO role(role_ID, NAME, CREATED_BY, CREATION_DATE, LAST_UPDATE, UPDATED_BY, STATUS, DELETED) VALUES(1, &apos;PROD-1&apos;, 2, CURRENT_TIMESTAMP, CURRENT_TIMESTAMP, 2, &apos;AC&apos;, 0); nested exception is org.h2.jdbc.JdbcSQLIntegrityConstraintViolationException: NULL not allowed for column &quot;DESCRIPTION&quot;; SQL statement:&#10;INSERT INTO role(role_ID, NAME, CREATED_BY, CREATION_DATE, LAST_UPDATE, UPDATED_BY, STATUS, DELETED) VALUES(1, &apos;PROD-1&apos;, 2, CURRENT_TIMESTAMP, CURRENT_TIMESTAMP, 2, &apos;AC&apos;, 0) [23502-200]" type="org.springframework.jdbc.datasource.init.ScriptStatementFailedException">org.springframework.jdbc.datasource.init.ScriptStatementFailedException: 
Failed to execute SQL script statement #1 of class path resource [data/Role/Role-insert_data.sql]: INSERT INTO role(role_ID, NAME, CREATED_BY, CREATION_DATE, LAST_UPDATE, UPDATED_BY, STATUS, DELETED) VALUES(1, 'PROD-1', 2, CURRENT_TIMESTAMP, CURRENT_TIMESTAMP, 2, 'AC', 0); nested exception is org.h2.jdbc.JdbcSQLIntegrityConstraintViolationException: NULL not allowed for column "DESCRIPTION"; SQL statement:
INSERT INTO role(role_ID, NAME, CREATED_BY, CREATION_DATE, LAST_UPDATE, UPDATED_BY, STATUS, DELETED) VALUES(1, 'PROD-1', 2, CURRENT_TIMESTAMP, CURRENT_TIMESTAMP, 2, 'AC', 0) [23502-200]
	at com.presinal.appsec.role.service.RoleServiceTest.lambda$setUp$0(RoleServiceTest.java:114)
	at com.presinal.appsec.role.service.RoleServiceTest.setUp(RoleServiceTest.java:107)
Caused by: org.h2.jdbc.JdbcSQLIntegrityConstraintViolationException: 
NULL not allowed for column "DESCRIPTION"; SQL statement:
INSERT INTO role(role_ID, NAME, CREATED_BY, CREATION_DATE, LAST_UPDATE, UPDATED_BY, STATUS, DELETED) VALUES(1, 'PROD-1', 2, CURRENT_TIMESTAMP, CURRENT_TIMESTAMP, 2, 'AC', 0) [23502-200]
	at com.presinal.appsec.role.service.RoleServiceTest.lambda$setUp$0(RoleServiceTest.java:114)
	at com.presinal.appsec.role.service.RoleServiceTest.setUp(RoleServiceTest.java:107)
</error>
    <system-out><![CDATA[2020-10-04 20:44:02.492  INFO 8392 --- [           main] c.p.appsec.role.service.RoleServiceTest  : setUp() :: Enter
2020-10-04 20:44:02.493  INFO 8392 --- [           main] c.p.appsec.role.service.RoleServiceTest  : setUp() :: Cleaning up data....
2020-10-04 20:44:02.507  INFO 8392 --- [           main] c.p.appsec.role.service.RoleServiceTest  : setUp() :: Cleaning up data....DONE!!
2020-10-04 20:44:02.507  INFO 8392 --- [           main] c.p.appsec.role.service.RoleServiceTest  : setUp() :: Initializing data....
]]></system-out>
  </testcase>
  <testcase name="testUpdate_normalFlow" classname="com.presinal.appsec.role.service.RoleServiceTest" time="0.085">
    <error message="Failed to execute SQL script statement #1 of class path resource [data/Role/Role-insert_data.sql]: INSERT INTO role(role_ID, NAME, CREATED_BY, CREATION_DATE, LAST_UPDATE, UPDATED_BY, STATUS, DELETED) VALUES(1, &apos;PROD-1&apos;, 2, CURRENT_TIMESTAMP, CURRENT_TIMESTAMP, 2, &apos;AC&apos;, 0); nested exception is org.h2.jdbc.JdbcSQLIntegrityConstraintViolationException: NULL not allowed for column &quot;DESCRIPTION&quot;; SQL statement:&#10;INSERT INTO role(role_ID, NAME, CREATED_BY, CREATION_DATE, LAST_UPDATE, UPDATED_BY, STATUS, DELETED) VALUES(1, &apos;PROD-1&apos;, 2, CURRENT_TIMESTAMP, CURRENT_TIMESTAMP, 2, &apos;AC&apos;, 0) [23502-200]" type="org.springframework.jdbc.datasource.init.ScriptStatementFailedException">org.springframework.jdbc.datasource.init.ScriptStatementFailedException: 
Failed to execute SQL script statement #1 of class path resource [data/Role/Role-insert_data.sql]: INSERT INTO role(role_ID, NAME, CREATED_BY, CREATION_DATE, LAST_UPDATE, UPDATED_BY, STATUS, DELETED) VALUES(1, 'PROD-1', 2, CURRENT_TIMESTAMP, CURRENT_TIMESTAMP, 2, 'AC', 0); nested exception is org.h2.jdbc.JdbcSQLIntegrityConstraintViolationException: NULL not allowed for column "DESCRIPTION"; SQL statement:
INSERT INTO role(role_ID, NAME, CREATED_BY, CREATION_DATE, LAST_UPDATE, UPDATED_BY, STATUS, DELETED) VALUES(1, 'PROD-1', 2, CURRENT_TIMESTAMP, CURRENT_TIMESTAMP, 2, 'AC', 0) [23502-200]
	at com.presinal.appsec.role.service.RoleServiceTest.lambda$setUp$0(RoleServiceTest.java:114)
	at com.presinal.appsec.role.service.RoleServiceTest.setUp(RoleServiceTest.java:107)
Caused by: org.h2.jdbc.JdbcSQLIntegrityConstraintViolationException: 
NULL not allowed for column "DESCRIPTION"; SQL statement:
INSERT INTO role(role_ID, NAME, CREATED_BY, CREATION_DATE, LAST_UPDATE, UPDATED_BY, STATUS, DELETED) VALUES(1, 'PROD-1', 2, CURRENT_TIMESTAMP, CURRENT_TIMESTAMP, 2, 'AC', 0) [23502-200]
	at com.presinal.appsec.role.service.RoleServiceTest.lambda$setUp$0(RoleServiceTest.java:114)
	at com.presinal.appsec.role.service.RoleServiceTest.setUp(RoleServiceTest.java:107)
</error>
    <system-out><![CDATA[2020-10-04 20:44:02.527  INFO 8392 --- [           main] c.p.appsec.role.service.RoleServiceTest  : setUp() :: Enter
2020-10-04 20:44:02.528  INFO 8392 --- [           main] c.p.appsec.role.service.RoleServiceTest  : setUp() :: Cleaning up data....
2020-10-04 20:44:02.533  INFO 8392 --- [           main] c.p.appsec.role.service.RoleServiceTest  : setUp() :: Cleaning up data....DONE!!
2020-10-04 20:44:02.561  INFO 8392 --- [           main] c.p.appsec.role.service.RoleServiceTest  : setUp() :: Initializing data....
]]></system-out>
  </testcase>
  <testcase name="testCreate_requiredFieldCreatedByFlow" classname="com.presinal.appsec.role.service.RoleServiceTest" time="0.047">
    <error message="Failed to execute SQL script statement #1 of class path resource [data/Role/Role-insert_data.sql]: INSERT INTO role(role_ID, NAME, CREATED_BY, CREATION_DATE, LAST_UPDATE, UPDATED_BY, STATUS, DELETED) VALUES(1, &apos;PROD-1&apos;, 2, CURRENT_TIMESTAMP, CURRENT_TIMESTAMP, 2, &apos;AC&apos;, 0); nested exception is org.h2.jdbc.JdbcSQLIntegrityConstraintViolationException: NULL not allowed for column &quot;DESCRIPTION&quot;; SQL statement:&#10;INSERT INTO role(role_ID, NAME, CREATED_BY, CREATION_DATE, LAST_UPDATE, UPDATED_BY, STATUS, DELETED) VALUES(1, &apos;PROD-1&apos;, 2, CURRENT_TIMESTAMP, CURRENT_TIMESTAMP, 2, &apos;AC&apos;, 0) [23502-200]" type="org.springframework.jdbc.datasource.init.ScriptStatementFailedException">org.springframework.jdbc.datasource.init.ScriptStatementFailedException: 
Failed to execute SQL script statement #1 of class path resource [data/Role/Role-insert_data.sql]: INSERT INTO role(role_ID, NAME, CREATED_BY, CREATION_DATE, LAST_UPDATE, UPDATED_BY, STATUS, DELETED) VALUES(1, 'PROD-1', 2, CURRENT_TIMESTAMP, CURRENT_TIMESTAMP, 2, 'AC', 0); nested exception is org.h2.jdbc.JdbcSQLIntegrityConstraintViolationException: NULL not allowed for column "DESCRIPTION"; SQL statement:
INSERT INTO role(role_ID, NAME, CREATED_BY, CREATION_DATE, LAST_UPDATE, UPDATED_BY, STATUS, DELETED) VALUES(1, 'PROD-1', 2, CURRENT_TIMESTAMP, CURRENT_TIMESTAMP, 2, 'AC', 0) [23502-200]
	at com.presinal.appsec.role.service.RoleServiceTest.lambda$setUp$0(RoleServiceTest.java:114)
	at com.presinal.appsec.role.service.RoleServiceTest.setUp(RoleServiceTest.java:107)
Caused by: org.h2.jdbc.JdbcSQLIntegrityConstraintViolationException: 
NULL not allowed for column "DESCRIPTION"; SQL statement:
INSERT INTO role(role_ID, NAME, CREATED_BY, CREATION_DATE, LAST_UPDATE, UPDATED_BY, STATUS, DELETED) VALUES(1, 'PROD-1', 2, CURRENT_TIMESTAMP, CURRENT_TIMESTAMP, 2, 'AC', 0) [23502-200]
	at com.presinal.appsec.role.service.RoleServiceTest.lambda$setUp$0(RoleServiceTest.java:114)
	at com.presinal.appsec.role.service.RoleServiceTest.setUp(RoleServiceTest.java:107)
</error>
    <system-out><![CDATA[2020-10-04 20:44:02.627  INFO 8392 --- [           main] c.p.appsec.role.service.RoleServiceTest  : setUp() :: Enter
2020-10-04 20:44:02.629  INFO 8392 --- [           main] c.p.appsec.role.service.RoleServiceTest  : setUp() :: Cleaning up data....
2020-10-04 20:44:02.631  INFO 8392 --- [           main] c.p.appsec.role.service.RoleServiceTest  : setUp() :: Cleaning up data....DONE!!
2020-10-04 20:44:02.632  INFO 8392 --- [           main] c.p.appsec.role.service.RoleServiceTest  : setUp() :: Initializing data....
]]></system-out>
  </testcase>
  <testcase name="testCreate_integrityViolationFlow" classname="com.presinal.appsec.role.service.RoleServiceTest" time="0.064">
    <error message="Failed to execute SQL script statement #1 of class path resource [data/Role/Role-insert_data.sql]: INSERT INTO role(role_ID, NAME, CREATED_BY, CREATION_DATE, LAST_UPDATE, UPDATED_BY, STATUS, DELETED) VALUES(1, &apos;PROD-1&apos;, 2, CURRENT_TIMESTAMP, CURRENT_TIMESTAMP, 2, &apos;AC&apos;, 0); nested exception is org.h2.jdbc.JdbcSQLIntegrityConstraintViolationException: NULL not allowed for column &quot;DESCRIPTION&quot;; SQL statement:&#10;INSERT INTO role(role_ID, NAME, CREATED_BY, CREATION_DATE, LAST_UPDATE, UPDATED_BY, STATUS, DELETED) VALUES(1, &apos;PROD-1&apos;, 2, CURRENT_TIMESTAMP, CURRENT_TIMESTAMP, 2, &apos;AC&apos;, 0) [23502-200]" type="org.springframework.jdbc.datasource.init.ScriptStatementFailedException">org.springframework.jdbc.datasource.init.ScriptStatementFailedException: 
Failed to execute SQL script statement #1 of class path resource [data/Role/Role-insert_data.sql]: INSERT INTO role(role_ID, NAME, CREATED_BY, CREATION_DATE, LAST_UPDATE, UPDATED_BY, STATUS, DELETED) VALUES(1, 'PROD-1', 2, CURRENT_TIMESTAMP, CURRENT_TIMESTAMP, 2, 'AC', 0); nested exception is org.h2.jdbc.JdbcSQLIntegrityConstraintViolationException: NULL not allowed for column "DESCRIPTION"; SQL statement:
INSERT INTO role(role_ID, NAME, CREATED_BY, CREATION_DATE, LAST_UPDATE, UPDATED_BY, STATUS, DELETED) VALUES(1, 'PROD-1', 2, CURRENT_TIMESTAMP, CURRENT_TIMESTAMP, 2, 'AC', 0) [23502-200]
	at com.presinal.appsec.role.service.RoleServiceTest.lambda$setUp$0(RoleServiceTest.java:114)
	at com.presinal.appsec.role.service.RoleServiceTest.setUp(RoleServiceTest.java:107)
Caused by: org.h2.jdbc.JdbcSQLIntegrityConstraintViolationException: 
NULL not allowed for column "DESCRIPTION"; SQL statement:
INSERT INTO role(role_ID, NAME, CREATED_BY, CREATION_DATE, LAST_UPDATE, UPDATED_BY, STATUS, DELETED) VALUES(1, 'PROD-1', 2, CURRENT_TIMESTAMP, CURRENT_TIMESTAMP, 2, 'AC', 0) [23502-200]
	at com.presinal.appsec.role.service.RoleServiceTest.lambda$setUp$0(RoleServiceTest.java:114)
	at com.presinal.appsec.role.service.RoleServiceTest.setUp(RoleServiceTest.java:107)
</error>
    <system-out><![CDATA[2020-10-04 20:44:02.672  INFO 8392 --- [           main] c.p.appsec.role.service.RoleServiceTest  : setUp() :: Enter
2020-10-04 20:44:02.676  INFO 8392 --- [           main] c.p.appsec.role.service.RoleServiceTest  : setUp() :: Cleaning up data....
2020-10-04 20:44:02.678  INFO 8392 --- [           main] c.p.appsec.role.service.RoleServiceTest  : setUp() :: Cleaning up data....DONE!!
2020-10-04 20:44:02.679  INFO 8392 --- [           main] c.p.appsec.role.service.RoleServiceTest  : setUp() :: Initializing data....
]]></system-out>
  </testcase>
  <testcase name="testFindAll_searchCriterriaStateINFlow" classname="com.presinal.appsec.role.service.RoleServiceTest" time="0.074">
    <error message="Failed to execute SQL script statement #1 of class path resource [data/Role/Role-insert_data.sql]: INSERT INTO role(role_ID, NAME, CREATED_BY, CREATION_DATE, LAST_UPDATE, UPDATED_BY, STATUS, DELETED) VALUES(1, &apos;PROD-1&apos;, 2, CURRENT_TIMESTAMP, CURRENT_TIMESTAMP, 2, &apos;AC&apos;, 0); nested exception is org.h2.jdbc.JdbcSQLIntegrityConstraintViolationException: NULL not allowed for column &quot;DESCRIPTION&quot;; SQL statement:&#10;INSERT INTO role(role_ID, NAME, CREATED_BY, CREATION_DATE, LAST_UPDATE, UPDATED_BY, STATUS, DELETED) VALUES(1, &apos;PROD-1&apos;, 2, CURRENT_TIMESTAMP, CURRENT_TIMESTAMP, 2, &apos;AC&apos;, 0) [23502-200]" type="org.springframework.jdbc.datasource.init.ScriptStatementFailedException">org.springframework.jdbc.datasource.init.ScriptStatementFailedException: 
Failed to execute SQL script statement #1 of class path resource [data/Role/Role-insert_data.sql]: INSERT INTO role(role_ID, NAME, CREATED_BY, CREATION_DATE, LAST_UPDATE, UPDATED_BY, STATUS, DELETED) VALUES(1, 'PROD-1', 2, CURRENT_TIMESTAMP, CURRENT_TIMESTAMP, 2, 'AC', 0); nested exception is org.h2.jdbc.JdbcSQLIntegrityConstraintViolationException: NULL not allowed for column "DESCRIPTION"; SQL statement:
INSERT INTO role(role_ID, NAME, CREATED_BY, CREATION_DATE, LAST_UPDATE, UPDATED_BY, STATUS, DELETED) VALUES(1, 'PROD-1', 2, CURRENT_TIMESTAMP, CURRENT_TIMESTAMP, 2, 'AC', 0) [23502-200]
	at com.presinal.appsec.role.service.RoleServiceTest.lambda$setUp$0(RoleServiceTest.java:114)
	at com.presinal.appsec.role.service.RoleServiceTest.setUp(RoleServiceTest.java:107)
Caused by: org.h2.jdbc.JdbcSQLIntegrityConstraintViolationException: 
NULL not allowed for column "DESCRIPTION"; SQL statement:
INSERT INTO role(role_ID, NAME, CREATED_BY, CREATION_DATE, LAST_UPDATE, UPDATED_BY, STATUS, DELETED) VALUES(1, 'PROD-1', 2, CURRENT_TIMESTAMP, CURRENT_TIMESTAMP, 2, 'AC', 0) [23502-200]
	at com.presinal.appsec.role.service.RoleServiceTest.lambda$setUp$0(RoleServiceTest.java:114)
	at com.presinal.appsec.role.service.RoleServiceTest.setUp(RoleServiceTest.java:107)
</error>
    <system-out><![CDATA[2020-10-04 20:44:02.712  INFO 8392 --- [           main] c.p.appsec.role.service.RoleServiceTest  : setUp() :: Enter
2020-10-04 20:44:02.715  INFO 8392 --- [           main] c.p.appsec.role.service.RoleServiceTest  : setUp() :: Cleaning up data....
2020-10-04 20:44:02.718  INFO 8392 --- [           main] c.p.appsec.role.service.RoleServiceTest  : setUp() :: Cleaning up data....DONE!!
2020-10-04 20:44:02.719  INFO 8392 --- [           main] c.p.appsec.role.service.RoleServiceTest  : setUp() :: Initializing data....
]]></system-out>
  </testcase>
  <testcase name="testFindAll_normalFlow" classname="com.presinal.appsec.role.service.RoleServiceTest" time="0.093">
    <error message="Failed to execute SQL script statement #1 of class path resource [data/Role/Role-insert_data.sql]: INSERT INTO role(role_ID, NAME, CREATED_BY, CREATION_DATE, LAST_UPDATE, UPDATED_BY, STATUS, DELETED) VALUES(1, &apos;PROD-1&apos;, 2, CURRENT_TIMESTAMP, CURRENT_TIMESTAMP, 2, &apos;AC&apos;, 0); nested exception is org.h2.jdbc.JdbcSQLIntegrityConstraintViolationException: NULL not allowed for column &quot;DESCRIPTION&quot;; SQL statement:&#10;INSERT INTO role(role_ID, NAME, CREATED_BY, CREATION_DATE, LAST_UPDATE, UPDATED_BY, STATUS, DELETED) VALUES(1, &apos;PROD-1&apos;, 2, CURRENT_TIMESTAMP, CURRENT_TIMESTAMP, 2, &apos;AC&apos;, 0) [23502-200]" type="org.springframework.jdbc.datasource.init.ScriptStatementFailedException">org.springframework.jdbc.datasource.init.ScriptStatementFailedException: 
Failed to execute SQL script statement #1 of class path resource [data/Role/Role-insert_data.sql]: INSERT INTO role(role_ID, NAME, CREATED_BY, CREATION_DATE, LAST_UPDATE, UPDATED_BY, STATUS, DELETED) VALUES(1, 'PROD-1', 2, CURRENT_TIMESTAMP, CURRENT_TIMESTAMP, 2, 'AC', 0); nested exception is org.h2.jdbc.JdbcSQLIntegrityConstraintViolationException: NULL not allowed for column "DESCRIPTION"; SQL statement:
INSERT INTO role(role_ID, NAME, CREATED_BY, CREATION_DATE, LAST_UPDATE, UPDATED_BY, STATUS, DELETED) VALUES(1, 'PROD-1', 2, CURRENT_TIMESTAMP, CURRENT_TIMESTAMP, 2, 'AC', 0) [23502-200]
	at com.presinal.appsec.role.service.RoleServiceTest.lambda$setUp$0(RoleServiceTest.java:114)
	at com.presinal.appsec.role.service.RoleServiceTest.setUp(RoleServiceTest.java:107)
Caused by: org.h2.jdbc.JdbcSQLIntegrityConstraintViolationException: 
NULL not allowed for column "DESCRIPTION"; SQL statement:
INSERT INTO role(role_ID, NAME, CREATED_BY, CREATION_DATE, LAST_UPDATE, UPDATED_BY, STATUS, DELETED) VALUES(1, 'PROD-1', 2, CURRENT_TIMESTAMP, CURRENT_TIMESTAMP, 2, 'AC', 0) [23502-200]
	at com.presinal.appsec.role.service.RoleServiceTest.lambda$setUp$0(RoleServiceTest.java:114)
	at com.presinal.appsec.role.service.RoleServiceTest.setUp(RoleServiceTest.java:107)
</error>
    <system-out><![CDATA[2020-10-04 20:44:02.734  INFO 8392 --- [           main] c.p.appsec.role.service.RoleServiceTest  : setUp() :: Enter
2020-10-04 20:44:02.735  INFO 8392 --- [           main] c.p.appsec.role.service.RoleServiceTest  : setUp() :: Cleaning up data....
2020-10-04 20:44:02.738  INFO 8392 --- [           main] c.p.appsec.role.service.RoleServiceTest  : setUp() :: Cleaning up data....DONE!!
2020-10-04 20:44:02.738  INFO 8392 --- [           main] c.p.appsec.role.service.RoleServiceTest  : setUp() :: Initializing data....
]]></system-out>
  </testcase>
  <testcase name="testCreate_normalFlow" classname="com.presinal.appsec.role.service.RoleServiceTest" time="0.05">
    <error message="Failed to execute SQL script statement #1 of class path resource [data/Role/Role-insert_data.sql]: INSERT INTO role(role_ID, NAME, CREATED_BY, CREATION_DATE, LAST_UPDATE, UPDATED_BY, STATUS, DELETED) VALUES(1, &apos;PROD-1&apos;, 2, CURRENT_TIMESTAMP, CURRENT_TIMESTAMP, 2, &apos;AC&apos;, 0); nested exception is org.h2.jdbc.JdbcSQLIntegrityConstraintViolationException: NULL not allowed for column &quot;DESCRIPTION&quot;; SQL statement:&#10;INSERT INTO role(role_ID, NAME, CREATED_BY, CREATION_DATE, LAST_UPDATE, UPDATED_BY, STATUS, DELETED) VALUES(1, &apos;PROD-1&apos;, 2, CURRENT_TIMESTAMP, CURRENT_TIMESTAMP, 2, &apos;AC&apos;, 0) [23502-200]" type="org.springframework.jdbc.datasource.init.ScriptStatementFailedException">org.springframework.jdbc.datasource.init.ScriptStatementFailedException: 
Failed to execute SQL script statement #1 of class path resource [data/Role/Role-insert_data.sql]: INSERT INTO role(role_ID, NAME, CREATED_BY, CREATION_DATE, LAST_UPDATE, UPDATED_BY, STATUS, DELETED) VALUES(1, 'PROD-1', 2, CURRENT_TIMESTAMP, CURRENT_TIMESTAMP, 2, 'AC', 0); nested exception is org.h2.jdbc.JdbcSQLIntegrityConstraintViolationException: NULL not allowed for column "DESCRIPTION"; SQL statement:
INSERT INTO role(role_ID, NAME, CREATED_BY, CREATION_DATE, LAST_UPDATE, UPDATED_BY, STATUS, DELETED) VALUES(1, 'PROD-1', 2, CURRENT_TIMESTAMP, CURRENT_TIMESTAMP, 2, 'AC', 0) [23502-200]
	at com.presinal.appsec.role.service.RoleServiceTest.lambda$setUp$0(RoleServiceTest.java:114)
	at com.presinal.appsec.role.service.RoleServiceTest.setUp(RoleServiceTest.java:107)
Caused by: org.h2.jdbc.JdbcSQLIntegrityConstraintViolationException: 
NULL not allowed for column "DESCRIPTION"; SQL statement:
INSERT INTO role(role_ID, NAME, CREATED_BY, CREATION_DATE, LAST_UPDATE, UPDATED_BY, STATUS, DELETED) VALUES(1, 'PROD-1', 2, CURRENT_TIMESTAMP, CURRENT_TIMESTAMP, 2, 'AC', 0) [23502-200]
	at com.presinal.appsec.role.service.RoleServiceTest.lambda$setUp$0(RoleServiceTest.java:114)
	at com.presinal.appsec.role.service.RoleServiceTest.setUp(RoleServiceTest.java:107)
</error>
    <system-out><![CDATA[2020-10-04 20:44:02.760  INFO 8392 --- [           main] c.p.appsec.role.service.RoleServiceTest  : setUp() :: Enter
2020-10-04 20:44:02.761  INFO 8392 --- [           main] c.p.appsec.role.service.RoleServiceTest  : setUp() :: Cleaning up data....
2020-10-04 20:44:02.763  INFO 8392 --- [           main] c.p.appsec.role.service.RoleServiceTest  : setUp() :: Cleaning up data....DONE!!
2020-10-04 20:44:02.763  INFO 8392 --- [           main] c.p.appsec.role.service.RoleServiceTest  : setUp() :: Initializing data....
]]></system-out>
  </testcase>
</testsuite>